[2026-07-12 16:30:17] === Domain limit monitor started ===
[2026-07-12 16:30:17] Check interval: 1800s
[2026-07-12 16:30:17] Domain: imaginova.online
[2026-07-12 16:30:19] Still blocked: Too many registration attempts from this email domain. Please try again later
[2026-07-12 16:32:34] === Domain limit monitor started ===
[2026-07-12 16:32:34] Check interval: 1800s
[2026-07-12 16:32:34] Domain: imaginova.online
[2026-07-12 16:32:35] Still blocked: Too many registration attempts from this email domain. Please try again later
[2026-07-12 16:33:23] === Domain limit monitor started ===
[2026-07-12 16:33:23] Check interval: 1800s
[2026-07-12 16:33:23] Domain: imaginova.online
[2026-07-12 16:33:24] Still blocked: Too many registration attempts from this email domain. Please try again later
[2026-07-12 17:03:28] *** DOMAIN UNBLOCKED! Response: ok ***
[2026-07-12 17:03:28] You can now register new accounts.
[2026-07-12 17:33:29] *** DOMAIN UNBLOCKED! Response: ok ***
[2026-07-12 17:33:29] You can now register new accounts.
[2026-07-12 18:03:33] *** DOMAIN UNBLOCKED! Response: ok ***
[2026-07-12 18:03:33] You can now register new accounts.
[2026-07-12 18:33:34] *** DOMAIN UNBLOCKED! Response: ok ***
[2026-07-12 18:33:34] You can now register new accounts.
[2026-07-12 19:03:38] *** DOMAIN UNBLOCKED! Response: ok ***
[2026-07-12 19:03:38] You can now register new accounts.
[2026-07-12 19:33:39] *** DOMAIN UNBLOCKED! Response: ok ***
[2026-07-12 19:33:39] You can now register new accounts.
[2026-07-12 20:03:59] *** DOMAIN UNBLOCKED! Response: ok ***
[2026-07-12 20:03:59] You can now register new accounts.
[2026-07-12 20:34:01] *** DOMAIN UNBLOCKED! Response: ok ***
[2026-07-12 20:34:01] You can now register new accounts.
[2026-07-12 21:04:04] *** DOMAIN UNBLOCKED! Response: ok ***
[2026-07-12 21:04:04] You can now register new accounts.
[2026-07-12 21:34:05] *** DOMAIN UNBLOCKED! Response: ok ***
[2026-07-12 21:34:05] You can now register new accounts.
[2026-07-12 22:04:07] *** DOMAIN UNBLOCKED! Response: ok ***
[2026-07-12 22:04:07] You can now register new accounts.
[2026-07-12 22:34:10] *** DOMAIN UNBLOCKED! Response: ok ***
[2026-07-12 22:34:10] You can now register new accounts.
